# JRE version: Java(TM) SE Runtime Environment (21.0.8+12) (build 21.0.8+12-LTS-250)
# Java VM: Java HotSpot(TM) 64-Bit Server VM (21.0.8+12-LTS-250, mixed mode, emulated-client, sharing, tiered, compressed oops, compressed class ptrs, g1 gc, windows-amd64)
GC Precious Log:
 CardTable entry size: 512
 Card Set container configuration: InlinePtr #cards 5 size 8 Array Of Cards #cards 12 size 40 Howl #buckets 4 coarsen threshold 1843 Howl Bitmap #cards 512 size 80 coarsen threshold 460 Card regions per heap region 1 cards per card region 2048
 CPUs: 16 total, 16 available
 Memory: 8010M
 Large Page Support: Disabled
 NUMA Support: Disabled
 Compressed Oops: Enabled (32-bit)
 Heap Region Size: 1M
 Heap Min Capacity: 8M
 Heap Initial Capacity: 126M
 Heap Max Capacity: 2004M
 Pre-touch: Disabled
 Parallel Workers: 13
 Concurrent Workers: 3
 Concurrent Refinement Workers: 13
 Periodic GC: Disabled
Heap:
 garbage-first heap   total 129024K, used 45302K [0x0000000082c00000, 0x0000000100000000)
  region size 1024K, 1 young (1024K), 1 survivors (1024K)
 Metaspace       used 66970K, committed 67712K, reserved 1114112K
  class space    used 9535K, committed 9856K, reserved 1048576K
GC Heap History (20 events):
Event: 13.009 GC heap after
{Heap after GC invocations=15 (full 0):
 garbage-first heap   total 86016K, used 38109K [0x0000000082c00000, 0x0000000100000000)
  region size 1024K, 6 young (6144K), 6 survivors (6144K)
 Metaspace       used 66970K, committed 67712K, reserved 1114112K
  class space    used 9535K, committed 9856K, reserved 1048576K
}
Event: 13.170 GC heap before
{Heap before GC invocations=15 (full 0):
 garbage-first heap   total 86016K, used 73949K [0x0000000082c00000, 0x0000000100000000)
  region size 1024K, 41 young (41984K), 6 survivors (6144K)
 Metaspace       used 66970K, committed 67712K, reserved 1114112K
  class space    used 9535K, committed 9856K, reserved 1048576K
}
Event: 13.176 GC heap after
{Heap after GC invocations=16 (full 0):
 garbage-first heap   total 87040K, used 44233K [0x0000000082c00000, 0x0000000100000000)
  region size 1024K, 6 young (6144K), 6 survivors (6144K)
 Metaspace       used 66970K, committed 67712K, reserved 1114112K
  class space    used 9535K, committed 9856K, reserved 1048576K
}
Event: 13.311 GC heap before
{Heap before GC invocations=16 (full 0):
 garbage-first heap   total 87040K, used 74953K [0x0000000082c00000, 0x0000000100000000)
  region size 1024K, 36 young (36864K), 6 survivors (6144K)
 Metaspace       used 66970K, committed 67712K, reserved 1114112K
  class space    used 9535K, committed 9856K, reserved 1048576K
}
Event: 13.314 GC heap after
{Heap after GC invocations=17 (full 0):
 garbage-first heap   total 87040K, used 46388K [0x0000000082c00000, 0x0000000100000000)
  region size 1024K, 3 young (3072K), 3 survivors (3072K)
 Metaspace       used 66970K, committed 67712K, reserved 1114112K
  class space    used 9535K, committed 9856K, reserved 1048576K
}
Event: 13.442 GC heap before
{Heap before GC invocations=18 (full 0):
 garbage-first heap   total 92160K, used 76084K [0x0000000082c00000, 0x0000000100000000)
  region size 1024K, 32 young (32768K), 3 survivors (3072K)
 Metaspace       used 66970K, committed 67712K, reserved 1114112K
  class space    used 9535K, committed 9856K, reserved 1048576K
}
Event: 13.444 GC heap after
{Heap after GC invocations=19 (full 0):
 garbage-first heap   total 92160K, used 46177K [0x0000000082c00000, 0x0000000100000000)
  region size 1024K, 2 young (2048K), 2 survivors (2048K)
 Metaspace       used 66970K, committed 67712K, reserved 1114112K
  class space    used 9535K, committed 9856K, reserved 1048576K
}
Event: 13.571 GC heap before
{Heap before GC invocations=19 (full 0):
 garbage-first heap   total 92160K, used 82017K [0x0000000082c00000, 0x0000000100000000)
  region size 1024K, 37 young (37888K), 2 survivors (2048K)
 Metaspace       used 66970K, committed 67712K, reserved 1114112K
  class space    used 9535K, committed 9856K, reserved 1048576K
}
Event: 13.573 GC heap after
{Heap after GC invocations=20 (full 0):
 garbage-first heap   total 92160K, used 45721K [0x0000000082c00000, 0x0000000100000000)
  region size 1024K, 2 young (2048K), 2 survivors (2048K)
 Metaspace       used 66970K, committed 67712K, reserved 1114112K
  class space    used 9535K, committed 9856K, reserved 1048576K
}
Event: 13.714 GC heap before
{Heap before GC invocations=20 (full 0):
 garbage-first heap   total 92160K, used 83609K [0x0000000082c00000, 0x0000000100000000)
  region size 1024K, 39 young (39936K), 2 survivors (2048K)
 Metaspace       used 66970K, committed 67712K, reserved 1114112K
  class space    used 9535K, committed 9856K, reserved 1048576K
}
Event: 14.724 GC heap after
{Heap after GC invocations=21 (full 0):
 garbage-first heap   total 110592K, used 45608K [0x0000000082c00000, 0x0000000100000000)
  region size 1024K, 2 young (2048K), 2 survivors (2048K)
 Metaspace       used 66970K, committed 67712K, reserved 1114112K
  class space    used 9535K, committed 9856K, reserved 1048576K
}
Event: 14.752 GC heap before
{Heap before GC invocations=21 (full 0):
 garbage-first heap   total 110592K, used 48680K [0x0000000082c00000, 0x0000000100000000)
  region size 1024K, 5 young (5120K), 2 survivors (2048K)
 Metaspace       used 66970K, committed 67712K, reserved 1114112K
  class space    used 9535K, committed 9856K, reserved 1048576K
}
Event: 14.754 GC heap after
{Heap after GC invocations=22 (full 0):
 garbage-first heap   total 110592K, used 45814K [0x0000000082c00000, 0x0000000100000000)
  region size 1024K, 1 young (1024K), 1 survivors (1024K)
 Metaspace       used 66970K, committed 67712K, reserved 1114112K
  class space    used 9535K, committed 9856K, reserved 1048576K
}
Event: 14.791 GC heap before
{Heap before GC invocations=23 (full 0):
 garbage-first heap   total 110592K, used 49910K [0x0000000082c00000, 0x0000000100000000)
  region size 1024K, 5 young (5120K), 1 survivors (1024K)
 Metaspace       used 66970K, committed 67712K, reserved 1114112K
  class space    used 9535K, committed 9856K, reserved 1048576K
}
Event: 14.792 GC heap after
{Heap after GC invocations=24 (full 0):
 garbage-first heap   total 110592K, used 45636K [0x0000000082c00000, 0x0000000100000000)
  region size 1024K, 1 young (1024K), 1 survivors (1024K)
 Metaspace       used 66970K, committed 67712K, reserved 1114112K
  class space    used 9535K, committed 9856K, reserved 1048576K
}
Event: 14.811 GC heap before
{Heap before GC invocations=24 (full 0):
 garbage-first heap   total 110592K, used 49732K [0x0000000082c00000, 0x0000000100000000)
  region size 1024K, 5 young (5120K), 1 survivors (1024K)
 Metaspace       used 66970K, committed 67712K, reserved 1114112K
  class space    used 9535K, committed 9856K, reserved 1048576K
}
Event: 14.812 GC heap after
{Heap after GC invocations=25 (full 0):
 garbage-first heap   total 110592K, used 45300K [0x0000000082c00000, 0x0000000100000000)
  region size 1024K, 1 young (1024K), 1 survivors (1024K)
 Metaspace       used 66970K, committed 67712K, reserved 1114112K
  class space    used 9535K, committed 9856K, reserved 1048576K
}
Event: 14.842 GC heap before
{Heap before GC invocations=25 (full 0):
 garbage-first heap   total 110592K, used 49396K [0x0000000082c00000, 0x0000000100000000)
  region size 1024K, 5 young (5120K), 1 survivors (1024K)
 Metaspace       used 66970K, committed 67712K, reserved 1114112K
  class space    used 9535K, committed 9856K, reserved 1048576K
}
Event: 14.844 GC heap after
{Heap after GC invocations=26 (full 0):
 garbage-first heap   total 110592K, used 45302K [0x0000000082c00000, 0x0000000100000000)
  region size 1024K, 1 young (1024K), 1 survivors (1024K)
 Metaspace       used 66970K, committed 67712K, reserved 1114112K
  class space    used 9535K, committed 9856K, reserved 1048576K
}
Event: 14.859 GC heap before
{Heap before GC invocations=26 (full 0):
 garbage-first heap   total 110592K, used 49398K [0x0000000082c00000, 0x0000000100000000)
  region size 1024K, 5 young (5120K), 1 survivors (1024K)
 Metaspace       used 66970K, committed 67712K, reserved 1114112K
  class space    used 9535K, committed 9856K, reserved 1048576K
}

